<?xml version="1.0" encoding="UTF-8"?>
<!-- Generated by org.testng.reporters.JUnitReportReporter -->
<testsuite skipped="0" hostname="TAMEEM-SAIEED" name="TestPackage.DemoProject.TC002" tests="1" failures="0" timestamp="09 Jan 2019 16:38:27 GMT" time="0.057" errors="0">
  <testcase name="f" time="0.057" classname="TestPackage.DemoProject.TC002"/>
</testsuite> <!-- TestPackage.DemoProject.TC002 -->
