<?xml version="1.0" encoding="UTF-8"?>
<!-- Generated by org.testng.reporters.JUnitReportReporter -->
<testsuite skipped="0" hostname="TAMEEM-SAIEED" name="TestPackage.DemoProject.TC001" tests="1" failures="0" timestamp="08 Jan 2019 16:29:04 GMT" time="68.888" errors="0">
  <testcase name="f" time="68.888" classname="TestPackage.DemoProject.TC001"/>
</testsuite> <!-- TestPackage.DemoProject.TC001 -->
